ERROR - 2023-07-21 01:16:15 --> Error connecting to the database: mysqli_sql_exception: Unknown database 'db_kampus' in E:\referensi\Kuliah\semester 4\Praktikum-Web-Programing\tugas-bab-6\vendor\codeigniter4\framework\system\Database\MySQLi\Connection.php:174
Stack trace:
#0 E:\referensi\Kuliah\semester 4\Praktikum-Web-Programing\tugas-bab-6\vendor\codeigniter4\framework\system\Database\MySQLi\Connection.php(174): mysqli->real_connect('localhost', 'root', '', 'db_kampus', 3306, '', 0)
#1 E:\referensi\Kuliah\semester 4\Praktikum-Web-Programing\tugas-bab-6\vendor\codeigniter4\framework\system\Database\BaseConnection.php(391): CodeIgniter\Database\MySQLi\Connection->connect(false)
#2 E:\referensi\Kuliah\semester 4\Praktikum-Web-Programing\tugas-bab-6\vendor\codeigniter4\framework\system\Database\BaseConnection.php(574): CodeIgniter\Database\BaseConnection->initialize()
#3 E:\referensi\Kuliah\semester 4\Praktikum-Web-Programing\tugas-bab-6\vendor\codeigniter4\framework\system\Database\BaseBuilder.php(1616): CodeIgniter\Database\BaseConnection->query('SELECT *\nFROM `...', Array, false)
#4 E:\referensi\Kuliah\semester 4\Praktikum-Web-Programing\tugas-bab-6\vendor\codeigniter4\framework\system\Model.php(241): CodeIgniter\Database\BaseBuilder->get()
#5 E:\referensi\Kuliah\semester 4\Praktikum-Web-Programing\tugas-bab-6\vendor\codeigniter4\framework\system\BaseModel.php(618): CodeIgniter\Model->doFindAll(0, 0)
#6 E:\referensi\Kuliah\semester 4\Praktikum-Web-Programing\tugas-bab-6\app\Controllers\Crud.php(18): CodeIgniter\BaseModel->findAll()
#7 E:\referensi\Kuliah\semester 4\Praktikum-Web-Programing\tugas-bab-6\vendor\codeigniter4\framework\system\CodeIgniter.php(934): App\Controllers\Crud->index()
#8 E:\referensi\Kuliah\semester 4\Praktikum-Web-Programing\tugas-bab-6\vendor\codeigniter4\framework\system\CodeIgniter.php(499): CodeIgniter\CodeIgniter->runController(Object(App\Controllers\Crud))
#9 E:\referensi\Kuliah\semester 4\Praktikum-Web-Programing\tugas-bab-6\vendor\codeigniter4\framework\system\CodeIgniter.php(368): CodeIgniter\CodeIgniter->handleRequest(NULL, Object(Config\Cache), false)
#10 E:\referensi\Kuliah\semester 4\Praktikum-Web-Programing\tugas-bab-6\public\index.php(67): CodeIgniter\CodeIgniter->run()
#11 E:\referensi\Kuliah\semester 4\Praktikum-Web-Programing\tugas-bab-6\vendor\codeigniter4\framework\system\Commands\Server\rewrite.php(47): require_once('E:\\referensi\\Ku...')
#12 {main}

Next CodeIgniter\Database\Exceptions\DatabaseException: Unknown database 'db_kampus' in E:\referensi\Kuliah\semester 4\Praktikum-Web-Programing\tugas-bab-6\vendor\codeigniter4\framework\system\Database\MySQLi\Connection.php:218
Stack trace:
#0 E:\referensi\Kuliah\semester 4\Praktikum-Web-Programing\tugas-bab-6\vendor\codeigniter4\framework\system\Database\BaseConnection.php(391): CodeIgniter\Database\MySQLi\Connection->connect(false)
#1 E:\referensi\Kuliah\semester 4\Praktikum-Web-Programing\tugas-bab-6\vendor\codeigniter4\framework\system\Database\BaseConnection.php(574): CodeIgniter\Database\BaseConnection->initialize()
#2 E:\referensi\Kuliah\semester 4\Praktikum-Web-Programing\tugas-bab-6\vendor\codeigniter4\framework\system\Database\BaseBuilder.php(1616): CodeIgniter\Database\BaseConnection->query('SELECT *\nFROM `...', Array, false)
#3 E:\referensi\Kuliah\semester 4\Praktikum-Web-Programing\tugas-bab-6\vendor\codeigniter4\framework\system\Model.php(241): CodeIgniter\Database\BaseBuilder->get()
#4 E:\referensi\Kuliah\semester 4\Praktikum-Web-Programing\tugas-bab-6\vendor\codeigniter4\framework\system\BaseModel.php(618): CodeIgniter\Model->doFindAll(0, 0)
#5 E:\referensi\Kuliah\semester 4\Praktikum-Web-Programing\tugas-bab-6\app\Controllers\Crud.php(18): CodeIgniter\BaseModel->findAll()
#6 E:\referensi\Kuliah\semester 4\Praktikum-Web-Programing\tugas-bab-6\vendor\codeigniter4\framework\system\CodeIgniter.php(934): App\Controllers\Crud->index()
#7 E:\referensi\Kuliah\semester 4\Praktikum-Web-Programing\tugas-bab-6\vendor\codeigniter4\framework\system\CodeIgniter.php(499): CodeIgniter\CodeIgniter->runController(Object(App\Controllers\Crud))
#8 E:\referensi\Kuliah\semester 4\Praktikum-Web-Programing\tugas-bab-6\vendor\codeigniter4\framework\system\CodeIgniter.php(368): CodeIgniter\CodeIgniter->handleRequest(NULL, Object(Config\Cache), false)
#9 E:\referensi\Kuliah\semester 4\Praktikum-Web-Programing\tugas-bab-6\public\index.php(67): CodeIgniter\CodeIgniter->run()
#10 E:\referensi\Kuliah\semester 4\Praktikum-Web-Programing\tugas-bab-6\vendor\codeigniter4\framework\system\Commands\Server\rewrite.php(47): require_once('E:\\referensi\\Ku...')
#11 {main}
CRITICAL - 2023-07-21 01:16:15 --> Unable to connect to the database.
Main connection [MySQLi]: Unknown database 'db_kampus'
in SYSTEMPATH\Database\BaseConnection.php on line 427.
 1 SYSTEMPATH\Database\BaseConnection.php(574): CodeIgniter\Database\BaseConnection->initialize()
 2 SYSTEMPATH\Database\BaseBuilder.php(1616): CodeIgniter\Database\BaseConnection->query('SELECT *
FROM `tb_mahasiswa`', [], false)
 3 SYSTEMPATH\Model.php(241): CodeIgniter\Database\BaseBuilder->get()
 4 SYSTEMPATH\BaseModel.php(618): CodeIgniter\Model->doFindAll(0, 0)
 5 APPPATH\Controllers\Crud.php(18): CodeIgniter\BaseModel->findAll()
 6 SYSTEMPATH\CodeIgniter.php(934): App\Controllers\Crud->index()
 7 SYSTEMPATH\CodeIgniter.php(499): CodeIgniter\CodeIgniter->runController(Object(App\Controllers\Crud))
 8 SYSTEMPATH\CodeIgniter.php(368): CodeIgniter\CodeIgniter->handleRequest(null, Object(Config\Cache), false)
 9 FCPATH\index.php(67): CodeIgniter\CodeIgniter->run()
10 SYSTEMPATH\Commands\Server\rewrite.php(47): require_once('E:\\referensi\\Kuliah\\semester 4\\Praktikum-Web-Programing\\tugas-bab-6\\public\\index.php')
ERROR - 2023-07-21 01:16:15 --> Error connecting to the database: mysqli_sql_exception: Unknown database 'db_kampus' in E:\referensi\Kuliah\semester 4\Praktikum-Web-Programing\tugas-bab-6\vendor\codeigniter4\framework\system\Database\MySQLi\Connection.php:174
Stack trace:
#0 E:\referensi\Kuliah\semester 4\Praktikum-Web-Programing\tugas-bab-6\vendor\codeigniter4\framework\system\Database\MySQLi\Connection.php(174): mysqli->real_connect('localhost', 'root', '', 'db_kampus', 3306, '', 0)
#1 E:\referensi\Kuliah\semester 4\Praktikum-Web-Programing\tugas-bab-6\vendor\codeigniter4\framework\system\Database\BaseConnection.php(391): CodeIgniter\Database\MySQLi\Connection->connect(false)
#2 E:\referensi\Kuliah\semester 4\Praktikum-Web-Programing\tugas-bab-6\vendor\codeigniter4\framework\system\Database\BaseConnection.php(574): CodeIgniter\Database\BaseConnection->initialize()
#3 E:\referensi\Kuliah\semester 4\Praktikum-Web-Programing\tugas-bab-6\vendor\codeigniter4\framework\system\Database\BaseBuilder.php(1616): CodeIgniter\Database\BaseConnection->query('SELECT *\nFROM `...', Array, false)
#4 E:\referensi\Kuliah\semester 4\Praktikum-Web-Programing\tugas-bab-6\vendor\codeigniter4\framework\system\Model.php(241): CodeIgniter\Database\BaseBuilder->get()
#5 E:\referensi\Kuliah\semester 4\Praktikum-Web-Programing\tugas-bab-6\vendor\codeigniter4\framework\system\BaseModel.php(618): CodeIgniter\Model->doFindAll(0, 0)
#6 E:\referensi\Kuliah\semester 4\Praktikum-Web-Programing\tugas-bab-6\app\Controllers\Crud.php(18): CodeIgniter\BaseModel->findAll()
#7 E:\referensi\Kuliah\semester 4\Praktikum-Web-Programing\tugas-bab-6\vendor\codeigniter4\framework\system\CodeIgniter.php(934): App\Controllers\Crud->index()
#8 E:\referensi\Kuliah\semester 4\Praktikum-Web-Programing\tugas-bab-6\vendor\codeigniter4\framework\system\CodeIgniter.php(499): CodeIgniter\CodeIgniter->runController(Object(App\Controllers\Crud))
#9 E:\referensi\Kuliah\semester 4\Praktikum-Web-Programing\tugas-bab-6\vendor\codeigniter4\framework\system\CodeIgniter.php(368): CodeIgniter\CodeIgniter->handleRequest(NULL, Object(Config\Cache), false)
#10 E:\referensi\Kuliah\semester 4\Praktikum-Web-Programing\tugas-bab-6\public\index.php(67): CodeIgniter\CodeIgniter->run()
#11 E:\referensi\Kuliah\semester 4\Praktikum-Web-Programing\tugas-bab-6\vendor\codeigniter4\framework\system\Commands\Server\rewrite.php(47): require_once('E:\\referensi\\Ku...')
#12 {main}

Next CodeIgniter\Database\Exceptions\DatabaseException: Unknown database 'db_kampus' in E:\referensi\Kuliah\semester 4\Praktikum-Web-Programing\tugas-bab-6\vendor\codeigniter4\framework\system\Database\MySQLi\Connection.php:218
Stack trace:
#0 E:\referensi\Kuliah\semester 4\Praktikum-Web-Programing\tugas-bab-6\vendor\codeigniter4\framework\system\Database\BaseConnection.php(391): CodeIgniter\Database\MySQLi\Connection->connect(false)
#1 E:\referensi\Kuliah\semester 4\Praktikum-Web-Programing\tugas-bab-6\vendor\codeigniter4\framework\system\Database\BaseConnection.php(574): CodeIgniter\Database\BaseConnection->initialize()
#2 E:\referensi\Kuliah\semester 4\Praktikum-Web-Programing\tugas-bab-6\vendor\codeigniter4\framework\system\Database\BaseBuilder.php(1616): CodeIgniter\Database\BaseConnection->query('SELECT *\nFROM `...', Array, false)
#3 E:\referensi\Kuliah\semester 4\Praktikum-Web-Programing\tugas-bab-6\vendor\codeigniter4\framework\system\Model.php(241): CodeIgniter\Database\BaseBuilder->get()
#4 E:\referensi\Kuliah\semester 4\Praktikum-Web-Programing\tugas-bab-6\vendor\codeigniter4\framework\system\BaseModel.php(618): CodeIgniter\Model->doFindAll(0, 0)
#5 E:\referensi\Kuliah\semester 4\Praktikum-Web-Programing\tugas-bab-6\app\Controllers\Crud.php(18): CodeIgniter\BaseModel->findAll()
#6 E:\referensi\Kuliah\semester 4\Praktikum-Web-Programing\tugas-bab-6\vendor\codeigniter4\framework\system\CodeIgniter.php(934): App\Controllers\Crud->index()
#7 E:\referensi\Kuliah\semester 4\Praktikum-Web-Programing\tugas-bab-6\vendor\codeigniter4\framework\system\CodeIgniter.php(499): CodeIgniter\CodeIgniter->runController(Object(App\Controllers\Crud))
#8 E:\referensi\Kuliah\semester 4\Praktikum-Web-Programing\tugas-bab-6\vendor\codeigniter4\framework\system\CodeIgniter.php(368): CodeIgniter\CodeIgniter->handleRequest(NULL, Object(Config\Cache), false)
#9 E:\referensi\Kuliah\semester 4\Praktikum-Web-Programing\tugas-bab-6\public\index.php(67): CodeIgniter\CodeIgniter->run()
#10 E:\referensi\Kuliah\semester 4\Praktikum-Web-Programing\tugas-bab-6\vendor\codeigniter4\framework\system\Commands\Server\rewrite.php(47): require_once('E:\\referensi\\Ku...')
#11 {main}
CRITICAL - 2023-07-21 01:16:15 --> Unable to connect to the database.
Main connection [MySQLi]: Unknown database 'db_kampus'
in SYSTEMPATH\Database\BaseConnection.php on line 427.
 1 SYSTEMPATH\Database\BaseConnection.php(574): CodeIgniter\Database\BaseConnection->initialize()
 2 SYSTEMPATH\Database\BaseBuilder.php(1616): CodeIgniter\Database\BaseConnection->query('SELECT *
FROM `tb_mahasiswa`', [], false)
 3 SYSTEMPATH\Model.php(241): CodeIgniter\Database\BaseBuilder->get()
 4 SYSTEMPATH\BaseModel.php(618): CodeIgniter\Model->doFindAll(0, 0)
 5 APPPATH\Controllers\Crud.php(18): CodeIgniter\BaseModel->findAll()
 6 SYSTEMPATH\CodeIgniter.php(934): App\Controllers\Crud->index()
 7 SYSTEMPATH\CodeIgniter.php(499): CodeIgniter\CodeIgniter->runController(Object(App\Controllers\Crud))
 8 SYSTEMPATH\CodeIgniter.php(368): CodeIgniter\CodeIgniter->handleRequest(null, Object(Config\Cache), false)
 9 FCPATH\index.php(67): CodeIgniter\CodeIgniter->run()
10 SYSTEMPATH\Commands\Server\rewrite.php(47): require_once('E:\\referensi\\Kuliah\\semester 4\\Praktikum-Web-Programing\\tugas-bab-6\\public\\index.php')
ERROR - 2023-07-21 01:21:08 --> mysqli_sql_exception: Table 'mahasiswa.tb_mahasiswa' doesn't exist in E:\referensi\Kuliah\semester 4\Praktikum-Web-Programing\tugas-bab-6\vendor\codeigniter4\framework\system\Database\MySQLi\Connection.php:295
Stack trace:
#0 E:\referensi\Kuliah\semester 4\Praktikum-Web-Programing\tugas-bab-6\vendor\codeigniter4\framework\system\Database\MySQLi\Connection.php(295): mysqli->query('SELECT *\nFROM `...', 0)
#1 E:\referensi\Kuliah\semester 4\Praktikum-Web-Programing\tugas-bab-6\vendor\codeigniter4\framework\system\Database\BaseConnection.php(692): CodeIgniter\Database\MySQLi\Connection->execute('SELECT *\nFROM `...')
#2 E:\referensi\Kuliah\semester 4\Praktikum-Web-Programing\tugas-bab-6\vendor\codeigniter4\framework\system\Database\BaseConnection.php(606): CodeIgniter\Database\BaseConnection->simpleQuery('SELECT *\nFROM `...')
#3 E:\referensi\Kuliah\semester 4\Praktikum-Web-Programing\tugas-bab-6\vendor\codeigniter4\framework\system\Database\BaseBuilder.php(1616): CodeIgniter\Database\BaseConnection->query('SELECT *\nFROM `...', Array, false)
#4 E:\referensi\Kuliah\semester 4\Praktikum-Web-Programing\tugas-bab-6\vendor\codeigniter4\framework\system\Model.php(241): CodeIgniter\Database\BaseBuilder->get()
#5 E:\referensi\Kuliah\semester 4\Praktikum-Web-Programing\tugas-bab-6\vendor\codeigniter4\framework\system\BaseModel.php(618): CodeIgniter\Model->doFindAll(0, 0)
#6 E:\referensi\Kuliah\semester 4\Praktikum-Web-Programing\tugas-bab-6\app\Controllers\Crud.php(18): CodeIgniter\BaseModel->findAll()
#7 E:\referensi\Kuliah\semester 4\Praktikum-Web-Programing\tugas-bab-6\vendor\codeigniter4\framework\system\CodeIgniter.php(934): App\Controllers\Crud->index()
#8 E:\referensi\Kuliah\semester 4\Praktikum-Web-Programing\tugas-bab-6\vendor\codeigniter4\framework\system\CodeIgniter.php(499): CodeIgniter\CodeIgniter->runController(Object(App\Controllers\Crud))
#9 E:\referensi\Kuliah\semester 4\Praktikum-Web-Programing\tugas-bab-6\vendor\codeigniter4\framework\system\CodeIgniter.php(368): CodeIgniter\CodeIgniter->handleRequest(NULL, Object(Config\Cache), false)
#10 E:\referensi\Kuliah\semester 4\Praktikum-Web-Programing\tugas-bab-6\public\index.php(67): CodeIgniter\CodeIgniter->run()
#11 E:\referensi\Kuliah\semester 4\Praktikum-Web-Programing\tugas-bab-6\vendor\codeigniter4\framework\system\Commands\Server\rewrite.php(47): require_once('E:\\referensi\\Ku...')
#12 {main}
CRITICAL - 2023-07-21 01:21:08 --> Table 'mahasiswa.tb_mahasiswa' doesn't exist
in SYSTEMPATH\Database\MySQLi\Connection.php on line 295.
 1 SYSTEMPATH\Database\MySQLi\Connection.php(295): mysqli->query('SELECT *
FROM `tb_mahasiswa`', 0)
 2 SYSTEMPATH\Database\BaseConnection.php(692): CodeIgniter\Database\MySQLi\Connection->execute('SELECT *
FROM `tb_mahasiswa`')
 3 SYSTEMPATH\Database\BaseConnection.php(606): CodeIgniter\Database\BaseConnection->simpleQuery('SELECT *
FROM `tb_mahasiswa`')
 4 SYSTEMPATH\Database\BaseBuilder.php(1616): CodeIgniter\Database\BaseConnection->query('SELECT *
FROM `tb_mahasiswa`', [], false)
 5 SYSTEMPATH\Model.php(241): CodeIgniter\Database\BaseBuilder->get()
 6 SYSTEMPATH\BaseModel.php(618): CodeIgniter\Model->doFindAll(0, 0)
 7 APPPATH\Controllers\Crud.php(18): CodeIgniter\BaseModel->findAll()
 8 SYSTEMPATH\CodeIgniter.php(934): App\Controllers\Crud->index()
 9 SYSTEMPATH\CodeIgniter.php(499): CodeIgniter\CodeIgniter->runController(Object(App\Controllers\Crud))
10 SYSTEMPATH\CodeIgniter.php(368): CodeIgniter\CodeIgniter->handleRequest(null, Object(Config\Cache), false)
11 FCPATH\index.php(67): CodeIgniter\CodeIgniter->run()
12 SYSTEMPATH\Commands\Server\rewrite.php(47): require_once('E:\\referensi\\Kuliah\\semester 4\\Praktikum-Web-Programing\\tugas-bab-6\\public\\index.php')
CRITICAL - 2023-07-21 01:22:42 --> Undefined array key "prodi"
in APPPATH\Views\crud\view.php on line 41.
 1 APPPATH\Views\crud\view.php(41): CodeIgniter\Debug\Exceptions->errorHandler(2, 'Undefined array key "prodi"', 'E:\\referensi\\Kuliah\\semester 4\\Praktikum-Web-Programing\\tugas-bab-6\\app\\Views\\crud\\view.php', 41)
 2 SYSTEMPATH\View\View.php(213): include('E:\\referensi\\Kuliah\\semester 4\\Praktikum-Web-Programing\\tugas-bab-6\\app\\Views\\crud\\view.php')
 3 SYSTEMPATH\View\View.php(216): CodeIgniter\View\View->CodeIgniter\View\{closure}()
 4 SYSTEMPATH\Common.php(1184): CodeIgniter\View\View->render('crud/view', [], true)
 5 APPPATH\Controllers\Crud.php(24): view('crud/view', [...])
 6 SYSTEMPATH\CodeIgniter.php(934): App\Controllers\Crud->index()
 7 SYSTEMPATH\CodeIgniter.php(499): CodeIgniter\CodeIgniter->runController(Object(App\Controllers\Crud))
 8 SYSTEMPATH\CodeIgniter.php(368): CodeIgniter\CodeIgniter->handleRequest(null, Object(Config\Cache), false)
 9 FCPATH\index.php(67): CodeIgniter\CodeIgniter->run()
10 SYSTEMPATH\Commands\Server\rewrite.php(47): require_once('E:\\referensi\\Kuliah\\semester 4\\Praktikum-Web-Programing\\tugas-bab-6\\public\\index.php')
CRITICAL - 2023-07-21 01:29:53 --> Undefined array key "universitas"
in APPPATH\Views\crud\view.php on line 42.
 1 APPPATH\Views\crud\view.php(42): CodeIgniter\Debug\Exceptions->errorHandler(2, 'Undefined array key "universitas"', 'E:\\referensi\\Kuliah\\semester 4\\Praktikum-Web-Programing\\tugas-bab-6\\app\\Views\\crud\\view.php', 42)
 2 SYSTEMPATH\View\View.php(213): include('E:\\referensi\\Kuliah\\semester 4\\Praktikum-Web-Programing\\tugas-bab-6\\app\\Views\\crud\\view.php')
 3 SYSTEMPATH\View\View.php(216): CodeIgniter\View\View->CodeIgniter\View\{closure}()
 4 SYSTEMPATH\Common.php(1184): CodeIgniter\View\View->render('crud/view', [], true)
 5 APPPATH\Controllers\Crud.php(24): view('crud/view', [...])
 6 SYSTEMPATH\CodeIgniter.php(934): App\Controllers\Crud->index()
 7 SYSTEMPATH\CodeIgniter.php(499): CodeIgniter\CodeIgniter->runController(Object(App\Controllers\Crud))
 8 SYSTEMPATH\CodeIgniter.php(368): CodeIgniter\CodeIgniter->handleRequest(null, Object(Config\Cache), false)
 9 FCPATH\index.php(67): CodeIgniter\CodeIgniter->run()
10 SYSTEMPATH\Commands\Server\rewrite.php(47): require_once('E:\\referensi\\Kuliah\\semester 4\\Praktikum-Web-Programing\\tugas-bab-6\\public\\index.php')
CRITICAL - 2023-07-21 01:31:41 --> Undefined array key "universitas"
in APPPATH\Views\crud\edit.php on line 55.
 1 APPPATH\Views\crud\edit.php(55): CodeIgniter\Debug\Exceptions->errorHandler(2, 'Undefined array key "universitas"', 'E:\\referensi\\Kuliah\\semester 4\\Praktikum-Web-Programing\\tugas-bab-6\\app\\Views\\crud\\edit.php', 55)
 2 SYSTEMPATH\View\View.php(213): include('E:\\referensi\\Kuliah\\semester 4\\Praktikum-Web-Programing\\tugas-bab-6\\app\\Views\\crud\\edit.php')
 3 SYSTEMPATH\View\View.php(216): CodeIgniter\View\View->CodeIgniter\View\{closure}()
 4 SYSTEMPATH\Common.php(1184): CodeIgniter\View\View->render('crud/edit', [], true)
 5 APPPATH\Controllers\Crud.php(56): view('crud/edit', [...])
 6 SYSTEMPATH\CodeIgniter.php(934): App\Controllers\Crud->edit('32602100001')
 7 SYSTEMPATH\CodeIgniter.php(499): CodeIgniter\CodeIgniter->runController(Object(App\Controllers\Crud))
 8 SYSTEMPATH\CodeIgniter.php(368): CodeIgniter\CodeIgniter->handleRequest(null, Object(Config\Cache), false)
 9 FCPATH\index.php(67): CodeIgniter\CodeIgniter->run()
10 SYSTEMPATH\Commands\Server\rewrite.php(47): require_once('E:\\referensi\\Kuliah\\semester 4\\Praktikum-Web-Programing\\tugas-bab-6\\public\\index.php')
CRITICAL - 2023-07-21 01:35:18 --> Undefined array key "newFakultas"
in APPPATH\Controllers\Crud.php on line 67.
 1 APPPATH\Controllers\Crud.php(67): CodeIgniter\Debug\Exceptions->errorHandler(2, 'Undefined array key "newFakultas"', 'E:\\referensi\\Kuliah\\semester 4\\Praktikum-Web-Programing\\tugas-bab-6\\app\\Controllers\\Crud.php', 67)
 2 SYSTEMPATH\CodeIgniter.php(934): App\Controllers\Crud->editan()
 3 SYSTEMPATH\CodeIgniter.php(499): CodeIgniter\CodeIgniter->runController(Object(App\Controllers\Crud))
 4 SYSTEMPATH\CodeIgniter.php(368): CodeIgniter\CodeIgniter->handleRequest(null, Object(Config\Cache), false)
 5 FCPATH\index.php(67): CodeIgniter\CodeIgniter->run()
 6 SYSTEMPATH\Commands\Server\rewrite.php(47): require_once('E:\\referensi\\Kuliah\\semester 4\\Praktikum-Web-Programing\\tugas-bab-6\\public\\index.php')
CRITICAL - 2023-07-21 01:44:43 --> Too few arguments to function App\Controllers\Crud::hapus(), 0 passed in E:\referensi\Kuliah\semester 4\Praktikum-Web-Programing\tugas-bab-6\vendor\codeigniter4\framework\system\CodeIgniter.php on line 934 and exactly 1 expected
in APPPATH\Controllers\Crud.php on line 78.
 1 SYSTEMPATH\CodeIgniter.php(934): App\Controllers\Crud->hapus()
 2 SYSTEMPATH\CodeIgniter.php(499): CodeIgniter\CodeIgniter->runController(Object(App\Controllers\Crud))
 3 SYSTEMPATH\CodeIgniter.php(368): CodeIgniter\CodeIgniter->handleRequest(null, Object(Config\Cache), false)
 4 FCPATH\index.php(67): CodeIgniter\CodeIgniter->run()
 5 SYSTEMPATH\Commands\Server\rewrite.php(47): require_once('E:\\referensi\\Kuliah\\semester 4\\Praktikum-Web-Programing\\tugas-bab-6\\public\\index.php')
CRITICAL - 2023-07-21 10:08:21 --> Undefined array key "universitas"
in APPPATH\Views\index.php on line 61.
 1 APPPATH\Views\index.php(61): CodeIgniter\Debug\Exceptions->errorHandler(2, 'Undefined array key "universitas"', 'E:\\referensi\\Kuliah\\semester 4\\Praktikum-Web-Programing\\tugas-bab-6\\app\\Views\\index.php', 61)
 2 SYSTEMPATH\View\View.php(213): include('E:\\referensi\\Kuliah\\semester 4\\Praktikum-Web-Programing\\tugas-bab-6\\app\\Views\\index.php')
 3 SYSTEMPATH\View\View.php(216): CodeIgniter\View\View->CodeIgniter\View\{closure}()
 4 SYSTEMPATH\Common.php(1184): CodeIgniter\View\View->render('index', [], true)
 5 APPPATH\Controllers\FormController.php(22): view('index', [...])
 6 SYSTEMPATH\CodeIgniter.php(934): App\Controllers\FormController->index()
 7 SYSTEMPATH\CodeIgniter.php(499): CodeIgniter\CodeIgniter->runController(Object(App\Controllers\FormController))
 8 SYSTEMPATH\CodeIgniter.php(368): CodeIgniter\CodeIgniter->handleRequest(null, Object(Config\Cache), false)
 9 FCPATH\index.php(67): CodeIgniter\CodeIgniter->run()
10 SYSTEMPATH\Commands\Server\rewrite.php(47): require_once('E:\\referensi\\Kuliah\\semester 4\\Praktikum-Web-Programing\\tugas-bab-6\\public\\index.php')
CRITICAL - 2023-07-21 10:08:59 --> Undefined array key "universitas"
in APPPATH\Views\index.php on line 61.
 1 APPPATH\Views\index.php(61): CodeIgniter\Debug\Exceptions->errorHandler(2, 'Undefined array key "universitas"', 'E:\\referensi\\Kuliah\\semester 4\\Praktikum-Web-Programing\\tugas-bab-6\\app\\Views\\index.php', 61)
 2 SYSTEMPATH\View\View.php(213): include('E:\\referensi\\Kuliah\\semester 4\\Praktikum-Web-Programing\\tugas-bab-6\\app\\Views\\index.php')
 3 SYSTEMPATH\View\View.php(216): CodeIgniter\View\View->CodeIgniter\View\{closure}()
 4 SYSTEMPATH\Common.php(1184): CodeIgniter\View\View->render('index', [], true)
 5 APPPATH\Controllers\FormController.php(22): view('index', [...])
 6 SYSTEMPATH\CodeIgniter.php(934): App\Controllers\FormController->index()
 7 SYSTEMPATH\CodeIgniter.php(499): CodeIgniter\CodeIgniter->runController(Object(App\Controllers\FormController))
 8 SYSTEMPATH\CodeIgniter.php(368): CodeIgniter\CodeIgniter->handleRequest(null, Object(Config\Cache), false)
 9 FCPATH\index.php(67): CodeIgniter\CodeIgniter->run()
10 SYSTEMPATH\Commands\Server\rewrite.php(47): require_once('E:\\referensi\\Kuliah\\semester 4\\Praktikum-Web-Programing\\tugas-bab-6\\public\\index.php')
CRITICAL - 2023-07-21 10:11:19 --> Undefined array key "universitas"
in APPPATH\Views\index.php on line 61.
 1 APPPATH\Views\index.php(61): CodeIgniter\Debug\Exceptions->errorHandler(2, 'Undefined array key "universitas"', 'E:\\referensi\\Kuliah\\semester 4\\Praktikum-Web-Programing\\tugas-bab-6\\app\\Views\\index.php', 61)
 2 SYSTEMPATH\View\View.php(213): include('E:\\referensi\\Kuliah\\semester 4\\Praktikum-Web-Programing\\tugas-bab-6\\app\\Views\\index.php')
 3 SYSTEMPATH\View\View.php(216): CodeIgniter\View\View->CodeIgniter\View\{closure}()
 4 SYSTEMPATH\Common.php(1184): CodeIgniter\View\View->render('index', [], true)
 5 APPPATH\Controllers\FormController.php(22): view('index', [...])
 6 SYSTEMPATH\CodeIgniter.php(934): App\Controllers\FormController->index()
 7 SYSTEMPATH\CodeIgniter.php(499): CodeIgniter\CodeIgniter->runController(Object(App\Controllers\FormController))
 8 SYSTEMPATH\CodeIgniter.php(368): CodeIgniter\CodeIgniter->handleRequest(null, Object(Config\Cache), false)
 9 FCPATH\index.php(67): CodeIgniter\CodeIgniter->run()
10 SYSTEMPATH\Commands\Server\rewrite.php(47): require_once('E:\\referensi\\Kuliah\\semester 4\\Praktikum-Web-Programing\\tugas-bab-6\\public\\index.php')
CRITICAL - 2023-07-21 10:13:09 --> Undefined array key "nomor_handphone"
in APPPATH\Views\index.php on line 62.
 1 APPPATH\Views\index.php(62): CodeIgniter\Debug\Exceptions->errorHandler(2, 'Undefined array key "nomor_handphone"', 'E:\\referensi\\Kuliah\\semester 4\\Praktikum-Web-Programing\\tugas-bab-6\\app\\Views\\index.php', 62)
 2 SYSTEMPATH\View\View.php(213): include('E:\\referensi\\Kuliah\\semester 4\\Praktikum-Web-Programing\\tugas-bab-6\\app\\Views\\index.php')
 3 SYSTEMPATH\View\View.php(216): CodeIgniter\View\View->CodeIgniter\View\{closure}()
 4 SYSTEMPATH\Common.php(1184): CodeIgniter\View\View->render('index', [], true)
 5 APPPATH\Controllers\FormController.php(23): view('index', [...])
 6 SYSTEMPATH\CodeIgniter.php(934): App\Controllers\FormController->index()
 7 SYSTEMPATH\CodeIgniter.php(499): CodeIgniter\CodeIgniter->runController(Object(App\Controllers\FormController))
 8 SYSTEMPATH\CodeIgniter.php(368): CodeIgniter\CodeIgniter->handleRequest(null, Object(Config\Cache), false)
 9 FCPATH\index.php(67): CodeIgniter\CodeIgniter->run()
10 SYSTEMPATH\Commands\Server\rewrite.php(47): require_once('E:\\referensi\\Kuliah\\semester 4\\Praktikum-Web-Programing\\tugas-bab-6\\public\\index.php')
CRITICAL - 2023-07-21 10:16:40 --> Undefined array key "nomor_handphone"
in APPPATH\Views\index.php on line 62.
 1 APPPATH\Views\index.php(62): CodeIgniter\Debug\Exceptions->errorHandler(2, 'Undefined array key "nomor_handphone"', 'E:\\referensi\\Kuliah\\semester 4\\Praktikum-Web-Programing\\tugas-bab-6\\app\\Views\\index.php', 62)
 2 SYSTEMPATH\View\View.php(213): include('E:\\referensi\\Kuliah\\semester 4\\Praktikum-Web-Programing\\tugas-bab-6\\app\\Views\\index.php')
 3 SYSTEMPATH\View\View.php(216): CodeIgniter\View\View->CodeIgniter\View\{closure}()
 4 SYSTEMPATH\Common.php(1184): CodeIgniter\View\View->render('index', [], true)
 5 APPPATH\Controllers\FormController.php(23): view('index', [...])
 6 SYSTEMPATH\CodeIgniter.php(934): App\Controllers\FormController->index()
 7 SYSTEMPATH\CodeIgniter.php(499): CodeIgniter\CodeIgniter->runController(Object(App\Controllers\FormController))
 8 SYSTEMPATH\CodeIgniter.php(368): CodeIgniter\CodeIgniter->handleRequest(null, Object(Config\Cache), false)
 9 FCPATH\index.php(67): CodeIgniter\CodeIgniter->run()
10 SYSTEMPATH\Commands\Server\rewrite.php(47): require_once('E:\\referensi\\Kuliah\\semester 4\\Praktikum-Web-Programing\\tugas-bab-6\\public\\index.php')
CRITICAL - 2023-07-21 11:38:32 --> Deletes are not allowed unless they contain a "where" or "like" clause.
in SYSTEMPATH\Database\BaseBuilder.php on line 2767.
 1 SYSTEMPATH\Model.php(456): CodeIgniter\Database\BaseBuilder->delete()
 2 SYSTEMPATH\BaseModel.php(1065): CodeIgniter\Model->doDelete('', false)
 3 APPPATH\Controllers\FormController.php(51): CodeIgniter\BaseModel->delete('')
 4 SYSTEMPATH\CodeIgniter.php(934): App\Controllers\FormController->hapus('')
 5 SYSTEMPATH\CodeIgniter.php(499): CodeIgniter\CodeIgniter->runController(Object(App\Controllers\FormController))
 6 SYSTEMPATH\CodeIgniter.php(368): CodeIgniter\CodeIgniter->handleRequest(null, Object(Config\Cache), false)
 7 FCPATH\index.php(67): CodeIgniter\CodeIgniter->run()
 8 SYSTEMPATH\Commands\Server\rewrite.php(47): require_once('E:\\referensi\\Kuliah\\semester 4\\Praktikum-Web-Programing\\tugas-bab-6\\public\\index.php')
CRITICAL - 2023-07-21 11:38:57 --> Deletes are not allowed unless they contain a "where" or "like" clause.
in SYSTEMPATH\Database\BaseBuilder.php on line 2767.
 1 SYSTEMPATH\Model.php(456): CodeIgniter\Database\BaseBuilder->delete()
 2 SYSTEMPATH\BaseModel.php(1065): CodeIgniter\Model->doDelete('', false)
 3 APPPATH\Controllers\FormController.php(51): CodeIgniter\BaseModel->delete('')
 4 SYSTEMPATH\CodeIgniter.php(934): App\Controllers\FormController->hapus('')
 5 SYSTEMPATH\CodeIgniter.php(499): CodeIgniter\CodeIgniter->runController(Object(App\Controllers\FormController))
 6 SYSTEMPATH\CodeIgniter.php(368): CodeIgniter\CodeIgniter->handleRequest(null, Object(Config\Cache), false)
 7 FCPATH\index.php(67): CodeIgniter\CodeIgniter->run()
 8 SYSTEMPATH\Commands\Server\rewrite.php(47): require_once('E:\\referensi\\Kuliah\\semester 4\\Praktikum-Web-Programing\\tugas-bab-6\\public\\index.php')
CRITICAL - 2023-07-21 11:49:10 --> Invalid file: "/.php"
in SYSTEMPATH\Exceptions\FrameworkException.php on line 33.
 1 SYSTEMPATH\View\View.php(201): CodeIgniter\Exceptions\FrameworkException::forInvalidFile('/.php')
 2 SYSTEMPATH\Common.php(1184): CodeIgniter\View\View->render('/', [], true)
 3 APPPATH\Controllers\FormController.php(45): view('/')
 4 SYSTEMPATH\CodeIgniter.php(934): App\Controllers\FormController->tambah()
 5 SYSTEMPATH\CodeIgniter.php(499): CodeIgniter\CodeIgniter->runController(Object(App\Controllers\FormController))
 6 SYSTEMPATH\CodeIgniter.php(368): CodeIgniter\CodeIgniter->handleRequest(null, Object(Config\Cache), false)
 7 FCPATH\index.php(67): CodeIgniter\CodeIgniter->run()
 8 SYSTEMPATH\Commands\Server\rewrite.php(47): require_once('E:\\referensi\\Kuliah\\semester 4\\Praktikum-Web-Programing\\tugas-bab-6\\public\\index.php')
CRITICAL - 2023-07-21 11:51:23 --> Too few arguments to function App\Controllers\FormController::hapus(), 0 passed in E:\referensi\Kuliah\semester 4\Praktikum-Web-Programing\tugas-bab-6\vendor\codeigniter4\framework\system\CodeIgniter.php on line 934 and exactly 1 expected
in APPPATH\Controllers\FormController.php on line 49.
 1 SYSTEMPATH\CodeIgniter.php(934): App\Controllers\FormController->hapus()
 2 SYSTEMPATH\CodeIgniter.php(499): CodeIgniter\CodeIgniter->runController(Object(App\Controllers\FormController))
 3 SYSTEMPATH\CodeIgniter.php(368): CodeIgniter\CodeIgniter->handleRequest(null, Object(Config\Cache), false)
 4 FCPATH\index.php(67): CodeIgniter\CodeIgniter->run()
 5 SYSTEMPATH\Commands\Server\rewrite.php(47): require_once('E:\\referensi\\Kuliah\\semester 4\\Praktikum-Web-Programing\\tugas-bab-6\\public\\index.php')
CRITICAL - 2023-07-21 12:26:15 --> Too few arguments to function App\Controllers\FormController::hapus(), 0 passed in E:\referensi\Kuliah\semester 4\Praktikum-Web-Programing\tugas-bab-6\vendor\codeigniter4\framework\system\CodeIgniter.php on line 934 and exactly 1 expected
in APPPATH\Controllers\FormController.php on line 64.
 1 SYSTEMPATH\CodeIgniter.php(934): App\Controllers\FormController->hapus()
 2 SYSTEMPATH\CodeIgniter.php(499): CodeIgniter\CodeIgniter->runController(Object(App\Controllers\FormController))
 3 SYSTEMPATH\CodeIgniter.php(368): CodeIgniter\CodeIgniter->handleRequest(null, Object(Config\Cache), false)
 4 FCPATH\index.php(67): CodeIgniter\CodeIgniter->run()
 5 SYSTEMPATH\Commands\Server\rewrite.php(47): require_once('E:\\referensi\\Kuliah\\semester 4\\Praktikum-Web-Programing\\tugas-bab-6\\public\\index.php')
CRITICAL - 2023-07-21 12:31:00 --> Undefined array key "nim"
in APPPATH\Controllers\FormController.php on line 50.
 1 APPPATH\Controllers\FormController.php(50): CodeIgniter\Debug\Exceptions->errorHandler(2, 'Undefined array key "nim"', 'E:\\referensi\\Kuliah\\semester 4\\Praktikum-Web-Programing\\tugas-bab-6\\app\\Controllers\\FormController.php', 50)
 2 SYSTEMPATH\CodeIgniter.php(934): App\Controllers\FormController->edit()
 3 SYSTEMPATH\CodeIgniter.php(499): CodeIgniter\CodeIgniter->runController(Object(App\Controllers\FormController))
 4 SYSTEMPATH\CodeIgniter.php(368): CodeIgniter\CodeIgniter->handleRequest(null, Object(Config\Cache), false)
 5 FCPATH\index.php(67): CodeIgniter\CodeIgniter->run()
 6 SYSTEMPATH\Commands\Server\rewrite.php(47): require_once('E:\\referensi\\Kuliah\\semester 4\\Praktikum-Web-Programing\\tugas-bab-6\\public\\index.php')
CRITICAL - 2023-07-21 12:31:13 --> Undefined array key "nim"
in APPPATH\Controllers\FormController.php on line 50.
 1 APPPATH\Controllers\FormController.php(50): CodeIgniter\Debug\Exceptions->errorHandler(2, 'Undefined array key "nim"', 'E:\\referensi\\Kuliah\\semester 4\\Praktikum-Web-Programing\\tugas-bab-6\\app\\Controllers\\FormController.php', 50)
 2 SYSTEMPATH\CodeIgniter.php(934): App\Controllers\FormController->edit()
 3 SYSTEMPATH\CodeIgniter.php(499): CodeIgniter\CodeIgniter->runController(Object(App\Controllers\FormController))
 4 SYSTEMPATH\CodeIgniter.php(368): CodeIgniter\CodeIgniter->handleRequest(null, Object(Config\Cache), false)
 5 FCPATH\index.php(67): CodeIgniter\CodeIgniter->run()
 6 SYSTEMPATH\Commands\Server\rewrite.php(47): require_once('E:\\referensi\\Kuliah\\semester 4\\Praktikum-Web-Programing\\tugas-bab-6\\public\\index.php')
