CRITICAL - 2023-07-14 09:50:19 --> Invalid file: "layout/32602100003.php"
in SYSTEMPATH\Exceptions\FrameworkException.php on line 33.
 1 SYSTEMPATH\View\View.php(201): CodeIgniter\Exceptions\FrameworkException::forInvalidFile('layout/32602100003.php')
 2 SYSTEMPATH\View\View.php(229): CodeIgniter\View\View->render('layout/32602100003', [], true)
 3 SYSTEMPATH\Common.php(1184): CodeIgniter\View\View->render('feri_32602100003', [], true)
 4 APPPATH\Controllers\FormController.php(25): view('feri_32602100003')
 5 SYSTEMPATH\CodeIgniter.php(934): App\Controllers\FormController->cobaLayout()
 6 SYSTEMPATH\CodeIgniter.php(499): CodeIgniter\CodeIgniter->runController(Object(App\Controllers\FormController))
 7 SYSTEMPATH\CodeIgniter.php(368): CodeIgniter\CodeIgniter->handleRequest(null, Object(Config\Cache), false)
 8 FCPATH\index.php(67): CodeIgniter\CodeIgniter->run()
 9 SYSTEMPATH\Commands\Server\rewrite.php(47): require_once('E:\\referensi\\Kuliah\\semester 4\\Praktikum-Web-Programing\\task\\prakwebprog\\public\\index.php')
CRITICAL - 2023-07-14 09:50:45 --> Invalid file: "layout/32602100003.php"
in SYSTEMPATH\Exceptions\FrameworkException.php on line 33.
 1 SYSTEMPATH\View\View.php(201): CodeIgniter\Exceptions\FrameworkException::forInvalidFile('layout/32602100003.php')
 2 SYSTEMPATH\View\View.php(229): CodeIgniter\View\View->render('layout/32602100003', [], true)
 3 SYSTEMPATH\Common.php(1184): CodeIgniter\View\View->render('feri_32602100003', [], true)
 4 APPPATH\Controllers\FormController.php(25): view('feri_32602100003')
 5 SYSTEMPATH\CodeIgniter.php(934): App\Controllers\FormController->cobaLayout()
 6 SYSTEMPATH\CodeIgniter.php(499): CodeIgniter\CodeIgniter->runController(Object(App\Controllers\FormController))
 7 SYSTEMPATH\CodeIgniter.php(368): CodeIgniter\CodeIgniter->handleRequest(null, Object(Config\Cache), false)
 8 FCPATH\index.php(67): CodeIgniter\CodeIgniter->run()
 9 SYSTEMPATH\Commands\Server\rewrite.php(47): require_once('E:\\referensi\\Kuliah\\semester 4\\Praktikum-Web-Programing\\task\\prakwebprog\\public\\index.php')
