ERROR - 2023-07-18 12:32:56 --> mysqli_sql_exception: Duplicate entry '32602100003' for key 'PRIMARY' in E:\referensi\Kuliah\semester 4\Praktikum-Web-Programing\task\prakwebprog\vendor\codeigniter4\framework\system\Database\MySQLi\Connection.php:295
Stack trace:
#0 E:\referensi\Kuliah\semester 4\Praktikum-Web-Programing\task\prakwebprog\vendor\codeigniter4\framework\system\Database\MySQLi\Connection.php(295): mysqli->query('INSERT INTO `tb...', 0)
#1 E:\referensi\Kuliah\semester 4\Praktikum-Web-Programing\task\prakwebprog\vendor\codeigniter4\framework\system\Database\BaseConnection.php(692): CodeIgniter\Database\MySQLi\Connection->execute('INSERT INTO `tb...')
#2 E:\referensi\Kuliah\semester 4\Praktikum-Web-Programing\task\prakwebprog\vendor\codeigniter4\framework\system\Database\BaseConnection.php(606): CodeIgniter\Database\BaseConnection->simpleQuery('INSERT INTO `tb...')
#3 E:\referensi\Kuliah\semester 4\Praktikum-Web-Programing\task\prakwebprog\vendor\codeigniter4\framework\system\Database\BaseBuilder.php(2309): CodeIgniter\Database\BaseConnection->query('INSERT INTO `tb...', Array, false)
#4 E:\referensi\Kuliah\semester 4\Praktikum-Web-Programing\task\prakwebprog\vendor\codeigniter4\framework\system\Model.php(330): CodeIgniter\Database\BaseBuilder->insert()
#5 E:\referensi\Kuliah\semester 4\Praktikum-Web-Programing\task\prakwebprog\vendor\codeigniter4\framework\system\BaseModel.php(782): CodeIgniter\Model->doInsert(Array)
#6 E:\referensi\Kuliah\semester 4\Praktikum-Web-Programing\task\prakwebprog\vendor\codeigniter4\framework\system\Model.php(730): CodeIgniter\BaseModel->insert(Array, true)
#7 E:\referensi\Kuliah\semester 4\Praktikum-Web-Programing\task\prakwebprog\app\Controllers\Crud.php(34): CodeIgniter\Model->insert(Array)
#8 E:\referensi\Kuliah\semester 4\Praktikum-Web-Programing\task\prakwebprog\vendor\codeigniter4\framework\system\CodeIgniter.php(934): App\Controllers\Crud->tambah()
#9 E:\referensi\Kuliah\semester 4\Praktikum-Web-Programing\task\prakwebprog\vendor\codeigniter4\framework\system\CodeIgniter.php(499): CodeIgniter\CodeIgniter->runController(Object(App\Controllers\Crud))
#10 E:\referensi\Kuliah\semester 4\Praktikum-Web-Programing\task\prakwebprog\vendor\codeigniter4\framework\system\CodeIgniter.php(368): CodeIgniter\CodeIgniter->handleRequest(NULL, Object(Config\Cache), false)
#11 E:\referensi\Kuliah\semester 4\Praktikum-Web-Programing\task\prakwebprog\public\index.php(67): CodeIgniter\CodeIgniter->run()
#12 E:\referensi\Kuliah\semester 4\Praktikum-Web-Programing\task\prakwebprog\vendor\codeigniter4\framework\system\Commands\Server\rewrite.php(47): require_once('E:\\referensi\\Ku...')
#13 {main}
CRITICAL - 2023-07-18 12:32:56 --> Duplicate entry '32602100003' for key 'PRIMARY'
in SYSTEMPATH\Database\MySQLi\Connection.php on line 295.
 1 SYSTEMPATH\Database\MySQLi\Connection.php(295): mysqli->query('INSERT INTO `tb_mahasiswa` (`nim`) VALUES (\'32602100003\')', 0)
 2 SYSTEMPATH\Database\BaseConnection.php(692): CodeIgniter\Database\MySQLi\Connection->execute('INSERT INTO `tb_mahasiswa` (`nim`) VALUES (\'32602100003\')')
 3 SYSTEMPATH\Database\BaseConnection.php(606): CodeIgniter\Database\BaseConnection->simpleQuery('INSERT INTO `tb_mahasiswa` (`nim`) VALUES (\'32602100003\')')
 4 SYSTEMPATH\Database\BaseBuilder.php(2309): CodeIgniter\Database\BaseConnection->query('INSERT INTO `tb_mahasiswa` (`nim`) VALUES (:nim:)', [...], false)
 5 SYSTEMPATH\Model.php(330): CodeIgniter\Database\BaseBuilder->insert()
 6 SYSTEMPATH\BaseModel.php(782): CodeIgniter\Model->doInsert([...])
 7 SYSTEMPATH\Model.php(730): CodeIgniter\BaseModel->insert([...], true)
 8 APPPATH\Controllers\Crud.php(34): CodeIgniter\Model->insert([...])
 9 SYSTEMPATH\CodeIgniter.php(934): App\Controllers\Crud->tambah()
10 SYSTEMPATH\CodeIgniter.php(499): CodeIgniter\CodeIgniter->runController(Object(App\Controllers\Crud))
11 SYSTEMPATH\CodeIgniter.php(368): CodeIgniter\CodeIgniter->handleRequest(null, Object(Config\Cache), false)
12 FCPATH\index.php(67): CodeIgniter\CodeIgniter->run()
13 SYSTEMPATH\Commands\Server\rewrite.php(47): require_once('E:\\referensi\\Kuliah\\semester 4\\Praktikum-Web-Programing\\task\\prakwebprog\\public\\index.php')
CRITICAL - 2023-07-18 12:45:18 --> Undefined array key "nim"
in APPPATH\Controllers\Crud.php on line 44.
 1 APPPATH\Controllers\Crud.php(44): CodeIgniter\Debug\Exceptions->errorHandler(2, 'Undefined array key "nim"', 'E:\\referensi\\Kuliah\\semester 4\\Praktikum-Web-Programing\\task\\prakwebprog\\app\\Controllers\\Crud.php', 44)
 2 SYSTEMPATH\CodeIgniter.php(934): App\Controllers\Crud->edit('32602100003')
 3 SYSTEMPATH\CodeIgniter.php(499): CodeIgniter\CodeIgniter->runController(Object(App\Controllers\Crud))
 4 SYSTEMPATH\CodeIgniter.php(368): CodeIgniter\CodeIgniter->handleRequest(null, Object(Config\Cache), false)
 5 FCPATH\index.php(67): CodeIgniter\CodeIgniter->run()
 6 SYSTEMPATH\Commands\Server\rewrite.php(47): require_once('E:\\referensi\\Kuliah\\semester 4\\Praktikum-Web-Programing\\task\\prakwebprog\\public\\index.php')
